<?xml version="1.0" encoding="UTF-8"?>
<!-- Generated by org.testng.reporters.JUnitXMLReporter -->
<testsuite ignored="0" hostname="BasavarajDSMR-7" failures="0" tests="2" name="Linux-Firefox" time="293.653" errors="0" timestamp="2025-07-26T18:25:58 IST">
  <testcase classname="testCases.TC001_AccountRegistrationTest" name="verify_account_registration" time="0.0">
    <skipped/>
  </testcase> <!-- verify_account_registration -->
  <testcase classname="testCases.TC002_LoginTest" name="verify_login" time="2.12"/>
</testsuite> <!-- Linux-Firefox -->
